#
# There is insufficient memory for the Java Runtime Environment to continue.
# Native memory allocation (mmap) failed to map 65536 bytes for Failed to commit metaspace.
# Possible reasons:
#   The system is out of physical RAM or swap space
#   The process is running with CompressedOops enabled, and the Java Heap may be blocking the growth of the native heap
# Possible solutions:
#   Reduce memory load on the system
#   Increase physical memory or swap space
#   Check if swap backing store is full
#   Decrease Java heap size (-Xmx/-Xms)
#   Decrease number of Java threads
#   Decrease Java thread stack sizes (-Xss)
#   Set larger code cache with -XX:ReservedCodeCacheSize=
#   JVM is running with Unscaled Compressed Oops mode in which the Java heap is
#     placed in the first 4GB address space. The Java Heap base address is the
#     maximum limit for the native heap growth. Please use -XX:HeapBaseMinAddress
#     to set the Java Heap base and to place the Java Heap above 4GB virtual address.
# This output file may be truncated or incomplete.
#
#  Out of Memory Error (virtualSpaceNode.cpp:110), pid=5844, tid=13240
#
# JRE version: Java(TM) SE Runtime Environment (19.0.1+10) (build 19.0.1+10-21)
# Java VM: Java HotSpot(TM) 64-Bit Server VM (19.0.1+10-21, mixed mode, emulated-client, sharing, tiered, compressed oops, compressed class ptrs, g1 gc, windows-amd64)
# No core dump will be written. Minidumps are not enabled by default on client versions of Windows
#

---------------  S U M M A R Y ------------

Command Line: -XX:TieredStopAtLevel=1 -Dspring.output.ansi.enabled=always -Dcom.sun.management.jmxremote -Dspring.jmx.enabled=true -Dspring.liveBeansView.mbeanDomain -Dspring.application.admin.enabled=true -Dmanagement.endpoints.jmx.exposure.include=* -javaagent:C:\Program Files\JetBrains\IntelliJ IDEA 2024.1\lib\idea_rt.jar=58255:C:\Program Files\JetBrains\IntelliJ IDEA 2024.1\bin -Dfile.encoding=UTF-8 -Dsun.stdout.encoding=UTF-8 -Dsun.stderr.encoding=UTF-8 com.example.lifetaskservice.LifetaskServiceApplication

Host: Intel(R) Core(TM) i7-10510U CPU @ 1.80GHz, 8 cores, 7G,  Windows 11 , 64 bit Build 22000 (10.0.22000.2538)
Time: Tue Aug 20 17:40:22 2024 SE Asia Standard Time elapsed time: 1.160277 seconds (0d 0h 0m 1s)

---------------  T H R E A D  ---------------

Current thread (0x000001df21513f10):  JavaThread "main" [_thread_in_vm, id=13240, stack(0x00000088a5f00000,0x00000088a6000000)]

Stack: [0x00000088a5f00000,0x00000088a6000000]
Native frames: (J=compiled Java code, j=interpreted, Vv=VM code, C=native code)
V  [jvm.dll+0x6ee8fa]
V  [jvm.dll+0x857a1e]
V  [jvm.dll+0x85940e]
V  [jvm.dll+0x859ac3]
V  [jvm.dll+0x28291f]
V  [jvm.dll+0x85369b]
V  [jvm.dll+0x693276]
V  [jvm.dll+0x1f29b7]
V  [jvm.dll+0x695cb2]
V  [jvm.dll+0x695a9e]
V  [jvm.dll+0x693c9e]
V  [jvm.dll+0x69e347]
V  [jvm.dll+0x28c263]
V  [jvm.dll+0x28d83b]
V  [jvm.dll+0x216a61]
V  [jvm.dll+0x2160bd]
V  [jvm.dll+0x5aa300]
V  [jvm.dll+0x7cd793]
V  [jvm.dll+0x7cd874]
V  [jvm.dll+0x46b0b4]
V  [jvm.dll+0x4706bf]
C  [java.dll+0x17ec]

Java frames: (J=compiled Java code, j=interpreted, Vv=VM code)
j  java.lang.ClassLoader.defineClass1(Ljava/lang/ClassLoader;Ljava/lang/String;[BIILjava/security/ProtectionDomain;Ljava/lang/String;)Ljava/lang/Class;+0 java.base@19.0.1
j  java.lang.ClassLoader.defineClass(Ljava/lang/String;[BIILjava/security/ProtectionDomain;)Ljava/lang/Class;+27 java.base@19.0.1
j  java.security.SecureClassLoader.defineClass(Ljava/lang/String;[BIILjava/security/CodeSource;)Ljava/lang/Class;+12 java.base@19.0.1
j  jdk.internal.loader.BuiltinClassLoader.defineClass(Ljava/lang/String;Ljdk/internal/loader/Resource;)Ljava/lang/Class;+117 java.base@19.0.1
j  jdk.internal.loader.BuiltinClassLoader.findClassOnClassPathOrNull(Ljava/lang/String;)Ljava/lang/Class;+37 java.base@19.0.1
j  jdk.internal.loader.BuiltinClassLoader.loadClassOrNull(Ljava/lang/String;Z)Ljava/lang/Class;+111 java.base@19.0.1
j  jdk.internal.loader.BuiltinClassLoader.loadClass(Ljava/lang/String;Z)Ljava/lang/Class;+3 java.base@19.0.1
j  jdk.internal.loader.ClassLoaders$AppClassLoader.loadClass(Ljava/lang/String;Z)Ljava/lang/Class;+36 java.base@19.0.1
j  java.lang.ClassLoader.loadClass(Ljava/lang/String;)Ljava/lang/Class;+3 java.base@19.0.1
v  ~StubRoutines::call_stub 0x000001df2947100e
j  java.lang.Class.forName0(Ljava/lang/String;ZLjava/lang/ClassLoader;Ljava/lang/Class;)Ljava/lang/Class;+0 java.base@19.0.1
j  java.lang.Class.forName(Ljava/lang/String;ZLjava/lang/ClassLoader;Ljava/lang/Class;)Ljava/lang/Class;+37 java.base@19.0.1
j  java.lang.Class.forName(Ljava/lang/String;ZLjava/lang/ClassLoader;)Ljava/lang/Class;+20 java.base@19.0.1
j  org.apache.commons.logging.LogAdapter.isPresent(Ljava/lang/String;)Z+7
j  org.apache.commons.logging.LogAdapter.<clinit>()V+2
v  ~StubRoutines::call_stub 0x000001df2947100e
j  org.apache.commons.logging.LogFactory.getLog(Ljava/lang/String;)Lorg/apache/commons/logging/Log;+1
j  org.apache.commons.logging.LogFactory.getLog(Ljava/lang/Class;)Lorg/apache/commons/logging/Log;+4
j  org.springframework.boot.SpringApplication.<clinit>()V+2
v  ~StubRoutines::call_stub 0x000001df2947100e
j  com.example.lifetaskservice.LifetaskServiceApplication.main([Ljava/lang/String;)V+3
v  ~StubRoutines::call_stub 0x000001df2947100e

---------------  P R O C E S S  ---------------

Threads class SMR info:
_java_thread_list=0x000001df38295910, length=15, elements={
0x000001df21513f10, 0x000001df33ab8f60, 0x000001df33ab9cf0, 0x000001df33abea70,
0x000001df33abf3a0, 0x000001df33abfe70, 0x000001df33ac37c0, 0x000001df33ac75f0,
0x000001df33ac9f70, 0x000001df33a89b90, 0x000001df33a8a460, 0x000001df37da4fb0,
0x000001df380fdb20, 0x000001df380fe060, 0x000001df382e90d0
}

Java Threads: ( => current thread )
=>0x000001df21513f10 JavaThread "main" [_thread_in_vm, id=13240, stack(0x00000088a5f00000,0x00000088a6000000)]
  0x000001df33ab8f60 JavaThread "Reference Handler" daemon [_thread_blocked, id=15376, stack(0x00000088a6600000,0x00000088a6700000)]
  0x000001df33ab9cf0 JavaThread "Finalizer" daemon [_thread_blocked, id=16968, stack(0x00000088a6700000,0x00000088a6800000)]
  0x000001df33abea70 JavaThread "Signal Dispatcher" daemon [_thread_blocked, id=16620, stack(0x00000088a6800000,0x00000088a6900000)]
  0x000001df33abf3a0 JavaThread "Attach Listener" daemon [_thread_blocked, id=4956, stack(0x00000088a6900000,0x00000088a6a00000)]
  0x000001df33abfe70 JavaThread "Service Thread" daemon [_thread_blocked, id=11268, stack(0x00000088a6a00000,0x00000088a6b00000)]
  0x000001df33ac37c0 JavaThread "Monitor Deflation Thread" daemon [_thread_blocked, id=10948, stack(0x00000088a6b00000,0x00000088a6c00000)]
  0x000001df33ac75f0 JavaThread "C1 CompilerThread0" daemon [_thread_blocked, id=9988, stack(0x00000088a6c00000,0x00000088a6d00000)]
  0x000001df33ac9f70 JavaThread "Sweeper thread" daemon [_thread_blocked, id=3324, stack(0x00000088a6d00000,0x00000088a6e00000)]
  0x000001df33a89b90 JavaThread "Common-Cleaner" daemon [_thread_blocked, id=16356, stack(0x00000088a6e00000,0x00000088a6f00000)]
  0x000001df33a8a460 JavaThread "C1 CompilerThread1" daemon [_thread_blocked, id=7188, stack(0x00000088a6f00000,0x00000088a7000000)]
  0x000001df37da4fb0 JavaThread "C1 CompilerThread2" daemon [_thread_blocked, id=12844, stack(0x00000088a7000000,0x00000088a7100000)]
  0x000001df380fdb20 JavaThread "Monitor Ctrl-Break" daemon [_thread_in_native, id=1276, stack(0x00000088a7100000,0x00000088a7200000)]
  0x000001df380fe060 JavaThread "Notification Thread" daemon [_thread_blocked, id=16896, stack(0x00000088a7200000,0x00000088a7300000)]
  0x000001df382e90d0 JavaThread "RMI TCP Accept-0" daemon [_thread_in_native, id=1268, stack(0x00000088a7300000,0x00000088a7400000)]

Other Threads:
  0x000001df33a9e1b0 VMThread "VM Thread" [stack: 0x00000088a6500000,0x00000088a6600000] [id=14452]
  0x000001df382e9a90 WatcherThread "VM Periodic Task Thread" [stack: 0x00000088a7400000,0x00000088a7500000] [id=17372]
  0x000001df21570c30 WorkerThread "GC Thread#0" [stack: 0x00000088a6000000,0x00000088a6100000] [id=800]
  0x000001df21581670 ConcurrentGCThread "G1 Main Marker" [stack: 0x00000088a6100000,0x00000088a6200000] [id=13480]
  0x000001df21582740 WorkerThread "G1 Conc#0" [stack: 0x00000088a6200000,0x00000088a6300000] [id=16352]
  0x000001df33958100 ConcurrentGCThread "G1 Refine#0" [stack: 0x00000088a6300000,0x00000088a6400000] [id=10684]
  0x000001df339588f0 ConcurrentGCThread "G1 Service" [stack: 0x00000088a6400000,0x00000088a6500000] [id=10812]

Threads with active compile tasks:

VM state: not at safepoint (normal execution)

VM Mutex/Monitor currently owned by a thread:  ([mutex/lock_event])
[0x000001df214fdd80] Metaspace_lock - owner thread: 0x000001df21513f10

Heap address: 0x0000000082e00000, size: 2002 MB, Compressed Oops mode: 32-bit

CDS archive(s) mapped at: [0x0000000800000000-0x0000000800c40000-0x0000000800c40000), size 12845056, SharedBaseAddress: 0x0000000800000000, ArchiveRelocationMode: 0.
Compressed class space mapped at: 0x0000000801000000-0x0000000841000000, reserved size: 1073741824
Narrow klass base: 0x0000000800000000, Narrow klass shift: 0, Narrow klass range: 0x100000000

GC Precious Log:
 CardTable entry size: 512
 Card Set container configuration: InlinePtr #cards 5 size 8 Array Of Cards #cards 12 size 40 Howl #buckets 4 coarsen threshold 1843 Howl Bitmap #cards 512 size 80 coarsen threshold 460 Card regions per heap region 1 cards per card region 2048
 CPUs: 8 total, 8 available
 Memory: 8006M
 Large Page Support: Disabled
 NUMA Support: Disabled
 Compressed Oops: Enabled (32-bit)
 Heap Region Size: 1M
 Heap Min Capacity: 8M
 Heap Initial Capacity: 126M
 Heap Max Capacity: 2002M
 Pre-touch: Disabled
 Parallel Workers: 8
 Concurrent Workers: 2
 Concurrent Refinement Workers: 8
 Periodic GC: Disabled

Heap:
 garbage-first heap   total 129024K, used 14336K [0x0000000082e00000, 0x0000000100000000)
  region size 1024K, 15 young (15360K), 0 survivors (0K)
 Metaspace       used 5201K, committed 5376K, reserved 1114112K
  class space    used 593K, committed 704K, reserved 1048576K

Heap Regions: E=young(eden), S=young(survivor), O=old, HS=humongous(starts), HC=humongous(continues), CS=collection set, F=free, OA=open archive, CA=closed archive, TAMS=top-at-mark-start (previous, next)
|   0|0x0000000082e00000, 0x0000000082f00000, 0x0000000082f00000|100%|HS|  |TAMS 0x0000000082e00000, 0x0000000082e00000| Complete 
|   1|0x0000000082f00000, 0x0000000082f00000, 0x0000000083000000|  0%| F|  |TAMS 0x0000000082f00000, 0x0000000082f00000| Untracked 
|   2|0x0000000083000000, 0x0000000083000000, 0x0000000083100000|  0%| F|  |TAMS 0x0000000083000000, 0x0000000083000000| Untracked 
|   3|0x0000000083100000, 0x0000000083100000, 0x0000000083200000|  0%| F|  |TAMS 0x0000000083100000, 0x0000000083100000| Untracked 
|   4|0x0000000083200000, 0x0000000083200000, 0x0000000083300000|  0%| F|  |TAMS 0x0000000083200000, 0x0000000083200000| Untracked 
|   5|0x0000000083300000, 0x0000000083300000, 0x0000000083400000|  0%| F|  |TAMS 0x0000000083300000, 0x0000000083300000| Untracked 
|   6|0x0000000083400000, 0x0000000083400000, 0x0000000083500000|  0%| F|  |TAMS 0x0000000083400000, 0x0000000083400000| Untracked 
|   7|0x0000000083500000, 0x0000000083500000, 0x0000000083600000|  0%| F|  |TAMS 0x0000000083500000, 0x0000000083500000| Untracked 
|   8|0x0000000083600000, 0x0000000083600000, 0x0000000083700000|  0%| F|  |TAMS 0x0000000083600000, 0x0000000083600000| Untracked 
|   9|0x0000000083700000, 0x0000000083700000, 0x0000000083800000|  0%| F|  |TAMS 0x0000000083700000, 0x0000000083700000| Untracked 
|  10|0x0000000083800000, 0x0000000083800000, 0x0000000083900000|  0%| F|  |TAMS 0x0000000083800000, 0x0000000083800000| Untracked 
|  11|0x0000000083900000, 0x0000000083900000, 0x0000000083a00000|  0%| F|  |TAMS 0x0000000083900000, 0x0000000083900000| Untracked 
|  12|0x0000000083a00000, 0x0000000083a00000, 0x0000000083b00000|  0%| F|  |TAMS 0x0000000083a00000, 0x0000000083a00000| Untracked 
|  13|0x0000000083b00000, 0x0000000083b00000, 0x0000000083c00000|  0%| F|  |TAMS 0x0000000083b00000, 0x0000000083b00000| Untracked 
|  14|0x0000000083c00000, 0x0000000083c00000, 0x0000000083d00000|  0%| F|  |TAMS 0x0000000083c00000, 0x0000000083c00000| Untracked 
|  15|0x0000000083d00000, 0x0000000083d00000, 0x0000000083e00000|  0%| F|  |TAMS 0x0000000083d00000, 0x0000000083d00000| Untracked 
|  16|0x0000000083e00000, 0x0000000083e00000, 0x0000000083f00000|  0%| F|  |TAMS 0x0000000083e00000, 0x0000000083e00000| Untracked 
|  17|0x0000000083f00000, 0x0000000083f00000, 0x0000000084000000|  0%| F|  |TAMS 0x0000000083f00000, 0x0000000083f00000| Untracked 
|  18|0x0000000084000000, 0x0000000084000000, 0x0000000084100000|  0%| F|  |TAMS 0x0000000084000000, 0x0000000084000000| Untracked 
|  19|0x0000000084100000, 0x0000000084100000, 0x0000000084200000|  0%| F|  |TAMS 0x0000000084100000, 0x0000000084100000| Untracked 
|  20|0x0000000084200000, 0x0000000084200000, 0x0000000084300000|  0%| F|  |TAMS 0x0000000084200000, 0x0000000084200000| Untracked 
|  21|0x0000000084300000, 0x0000000084300000, 0x0000000084400000|  0%| F|  |TAMS 0x0000000084300000, 0x0000000084300000| Untracked 
|  22|0x0000000084400000, 0x0000000084400000, 0x0000000084500000|  0%| F|  |TAMS 0x0000000084400000, 0x0000000084400000| Untracked 
|  23|0x0000000084500000, 0x0000000084500000, 0x0000000084600000|  0%| F|  |TAMS 0x0000000084500000, 0x0000000084500000| Untracked 
|  24|0x0000000084600000, 0x0000000084600000, 0x0000000084700000|  0%| F|  |TAMS 0x0000000084600000, 0x0000000084600000| Untracked 
|  25|0x0000000084700000, 0x0000000084700000, 0x0000000084800000|  0%| F|  |TAMS 0x0000000084700000, 0x0000000084700000| Untracked 
|  26|0x0000000084800000, 0x0000000084800000, 0x0000000084900000|  0%| F|  |TAMS 0x0000000084800000, 0x0000000084800000| Untracked 
|  27|0x0000000084900000, 0x0000000084900000, 0x0000000084a00000|  0%| F|  |TAMS 0x0000000084900000, 0x0000000084900000| Untracked 
|  28|0x0000000084a00000, 0x0000000084a00000, 0x0000000084b00000|  0%| F|  |TAMS 0x0000000084a00000, 0x0000000084a00000| Untracked 
|  29|0x0000000084b00000, 0x0000000084b00000, 0x0000000084c00000|  0%| F|  |TAMS 0x0000000084b00000, 0x0000000084b00000| Untracked 
|  30|0x0000000084c00000, 0x0000000084c00000, 0x0000000084d00000|  0%| F|  |TAMS 0x0000000084c00000, 0x0000000084c00000| Untracked 
|  31|0x0000000084d00000, 0x0000000084d00000, 0x0000000084e00000|  0%| F|  |TAMS 0x0000000084d00000, 0x0000000084d00000| Untracked 
|  32|0x0000000084e00000, 0x0000000084e00000, 0x0000000084f00000|  0%| F|  |TAMS 0x0000000084e00000, 0x0000000084e00000| Untracked 
|  33|0x0000000084f00000, 0x0000000084f00000, 0x0000000085000000|  0%| F|  |TAMS 0x0000000084f00000, 0x0000000084f00000| Untracked 
|  34|0x0000000085000000, 0x0000000085000000, 0x0000000085100000|  0%| F|  |TAMS 0x0000000085000000, 0x0000000085000000| Untracked 
|  35|0x0000000085100000, 0x0000000085100000, 0x0000000085200000|  0%| F|  |TAMS 0x0000000085100000, 0x0000000085100000| Untracked 
|  36|0x0000000085200000, 0x0000000085200000, 0x0000000085300000|  0%| F|  |TAMS 0x0000000085200000, 0x0000000085200000| Untracked 
|  37|0x0000000085300000, 0x0000000085300000, 0x0000000085400000|  0%| F|  |TAMS 0x0000000085300000, 0x0000000085300000| Untracked 
|  38|0x0000000085400000, 0x0000000085400000, 0x0000000085500000|  0%| F|  |TAMS 0x0000000085400000, 0x0000000085400000| Untracked 
|  39|0x0000000085500000, 0x0000000085500000, 0x0000000085600000|  0%| F|  |TAMS 0x0000000085500000, 0x0000000085500000| Untracked 
|  40|0x0000000085600000, 0x0000000085600000, 0x0000000085700000|  0%| F|  |TAMS 0x0000000085600000, 0x0000000085600000| Untracked 
|  41|0x0000000085700000, 0x0000000085700000, 0x0000000085800000|  0%| F|  |TAMS 0x0000000085700000, 0x0000000085700000| Untracked 
|  42|0x0000000085800000, 0x0000000085800000, 0x0000000085900000|  0%| F|  |TAMS 0x0000000085800000, 0x0000000085800000| Untracked 
|  43|0x0000000085900000, 0x0000000085900000, 0x0000000085a00000|  0%| F|  |TAMS 0x0000000085900000, 0x0000000085900000| Untracked 
|  44|0x0000000085a00000, 0x0000000085a00000, 0x0000000085b00000|  0%| F|  |TAMS 0x0000000085a00000, 0x0000000085a00000| Untracked 
|  45|0x0000000085b00000, 0x0000000085b00000, 0x0000000085c00000|  0%| F|  |TAMS 0x0000000085b00000, 0x0000000085b00000| Untracked 
|  46|0x0000000085c00000, 0x0000000085c00000, 0x0000000085d00000|  0%| F|  |TAMS 0x0000000085c00000, 0x0000000085c00000| Untracked 
|  47|0x0000000085d00000, 0x0000000085d00000, 0x0000000085e00000|  0%| F|  |TAMS 0x0000000085d00000, 0x0000000085d00000| Untracked 
|  48|0x0000000085e00000, 0x0000000085e00000, 0x0000000085f00000|  0%| F|  |TAMS 0x0000000085e00000, 0x0000000085e00000| Untracked 
|  49|0x0000000085f00000, 0x0000000085f00000, 0x0000000086000000|  0%| F|  |TAMS 0x0000000085f00000, 0x0000000085f00000| Untracked 
|  50|0x0000000086000000, 0x0000000086000000, 0x0000000086100000|  0%| F|  |TAMS 0x0000000086000000, 0x0000000086000000| Untracked 
|  51|0x0000000086100000, 0x0000000086100000, 0x0000000086200000|  0%| F|  |TAMS 0x0000000086100000, 0x0000000086100000| Untracked 
|  52|0x0000000086200000, 0x0000000086200000, 0x0000000086300000|  0%| F|  |TAMS 0x0000000086200000, 0x0000000086200000| Untracked 
|  53|0x0000000086300000, 0x0000000086300000, 0x0000000086400000|  0%| F|  |TAMS 0x0000000086300000, 0x0000000086300000| Untracked 
|  54|0x0000000086400000, 0x0000000086400000, 0x0000000086500000|  0%| F|  |TAMS 0x0000000086400000, 0x0000000086400000| Untracked 
|  55|0x0000000086500000, 0x0000000086500000, 0x0000000086600000|  0%| F|  |TAMS 0x0000000086500000, 0x0000000086500000| Untracked 
|  56|0x0000000086600000, 0x0000000086600000, 0x0000000086700000|  0%| F|  |TAMS 0x0000000086600000, 0x0000000086600000| Untracked 
|  57|0x0000000086700000, 0x0000000086700000, 0x0000000086800000|  0%| F|  |TAMS 0x0000000086700000, 0x0000000086700000| Untracked 
|  58|0x0000000086800000, 0x0000000086800000, 0x0000000086900000|  0%| F|  |TAMS 0x0000000086800000, 0x0000000086800000| Untracked 
|  59|0x0000000086900000, 0x0000000086900000, 0x0000000086a00000|  0%| F|  |TAMS 0x0000000086900000, 0x0000000086900000| Untracked 
|  60|0x0000000086a00000, 0x0000000086a00000, 0x0000000086b00000|  0%| F|  |TAMS 0x0000000086a00000, 0x0000000086a00000| Untracked 
|  61|0x0000000086b00000, 0x0000000086b00000, 0x0000000086c00000|  0%| F|  |TAMS 0x0000000086b00000, 0x0000000086b00000| Untracked 
|  62|0x0000000086c00000, 0x0000000086c00000, 0x0000000086d00000|  0%| F|  |TAMS 0x0000000086c00000, 0x0000000086c00000| Untracked 
|  63|0x0000000086d00000, 0x0000000086d00000, 0x0000000086e00000|  0%| F|  |TAMS 0x0000000086d00000, 0x0000000086d00000| Untracked 
|  64|0x0000000086e00000, 0x0000000086e00000, 0x0000000086f00000|  0%| F|  |TAMS 0x0000000086e00000, 0x0000000086e00000| Untracked 
|  65|0x0000000086f00000, 0x0000000086f00000, 0x0000000087000000|  0%| F|  |TAMS 0x0000000086f00000, 0x0000000086f00000| Untracked 
|  66|0x0000000087000000, 0x0000000087000000, 0x0000000087100000|  0%| F|  |TAMS 0x0000000087000000, 0x0000000087000000| Untracked 
|  67|0x0000000087100000, 0x0000000087100000, 0x0000000087200000|  0%| F|  |TAMS 0x0000000087100000, 0x0000000087100000| Untracked 
|  68|0x0000000087200000, 0x0000000087200000, 0x0000000087300000|  0%| F|  |TAMS 0x0000000087200000, 0x0000000087200000| Untracked 
|  69|0x0000000087300000, 0x0000000087300000, 0x0000000087400000|  0%| F|  |TAMS 0x0000000087300000, 0x0000000087300000| Untracked 
|  70|0x0000000087400000, 0x0000000087400000, 0x0000000087500000|  0%| F|  |TAMS 0x0000000087400000, 0x0000000087400000| Untracked 
|  71|0x0000000087500000, 0x0000000087500000, 0x0000000087600000|  0%| F|  |TAMS 0x0000000087500000, 0x0000000087500000| Untracked 
|  72|0x0000000087600000, 0x0000000087600000, 0x0000000087700000|  0%| F|  |TAMS 0x0000000087600000, 0x0000000087600000| Untracked 
|  73|0x0000000087700000, 0x0000000087700000, 0x0000000087800000|  0%| F|  |TAMS 0x0000000087700000, 0x0000000087700000| Untracked 
|  74|0x0000000087800000, 0x0000000087800000, 0x0000000087900000|  0%| F|  |TAMS 0x0000000087800000, 0x0000000087800000| Untracked 
|  75|0x0000000087900000, 0x0000000087900000, 0x0000000087a00000|  0%| F|  |TAMS 0x0000000087900000, 0x0000000087900000| Untracked 
|  76|0x0000000087a00000, 0x0000000087a00000, 0x0000000087b00000|  0%| F|  |TAMS 0x0000000087a00000, 0x0000000087a00000| Untracked 
|  77|0x0000000087b00000, 0x0000000087b00000, 0x0000000087c00000|  0%| F|  |TAMS 0x0000000087b00000, 0x0000000087b00000| Untracked 
|  78|0x0000000087c00000, 0x0000000087c00000, 0x0000000087d00000|  0%| F|  |TAMS 0x0000000087c00000, 0x0000000087c00000| Untracked 
|  79|0x0000000087d00000, 0x0000000087d00000, 0x0000000087e00000|  0%| F|  |TAMS 0x0000000087d00000, 0x0000000087d00000| Untracked 
|  80|0x0000000087e00000, 0x0000000087e00000, 0x0000000087f00000|  0%| F|  |TAMS 0x0000000087e00000, 0x0000000087e00000| Untracked 
|  81|0x0000000087f00000, 0x0000000087f00000, 0x0000000088000000|  0%| F|  |TAMS 0x0000000087f00000, 0x0000000087f00000| Untracked 
|  82|0x0000000088000000, 0x0000000088000000, 0x0000000088100000|  0%| F|  |TAMS 0x0000000088000000, 0x0000000088000000| Untracked 
|  83|0x0000000088100000, 0x0000000088100000, 0x0000000088200000|  0%| F|  |TAMS 0x0000000088100000, 0x0000000088100000| Untracked 
|  84|0x0000000088200000, 0x0000000088200000, 0x0000000088300000|  0%| F|  |TAMS 0x0000000088200000, 0x0000000088200000| Untracked 
|  85|0x0000000088300000, 0x0000000088300000, 0x0000000088400000|  0%| F|  |TAMS 0x0000000088300000, 0x0000000088300000| Untracked 
|  86|0x0000000088400000, 0x0000000088400000, 0x0000000088500000|  0%| F|  |TAMS 0x0000000088400000, 0x0000000088400000| Untracked 
|  87|0x0000000088500000, 0x0000000088500000, 0x0000000088600000|  0%| F|  |TAMS 0x0000000088500000, 0x0000000088500000| Untracked 
|  88|0x0000000088600000, 0x0000000088600000, 0x0000000088700000|  0%| F|  |TAMS 0x0000000088600000, 0x0000000088600000| Untracked 
|  89|0x0000000088700000, 0x0000000088700000, 0x0000000088800000|  0%| F|  |TAMS 0x0000000088700000, 0x0000000088700000| Untracked 
|  90|0x0000000088800000, 0x0000000088800000, 0x0000000088900000|  0%| F|  |TAMS 0x0000000088800000, 0x0000000088800000| Untracked 
|  91|0x0000000088900000, 0x0000000088900000, 0x0000000088a00000|  0%| F|  |TAMS 0x0000000088900000, 0x0000000088900000| Untracked 
|  92|0x0000000088a00000, 0x0000000088a00000, 0x0000000088b00000|  0%| F|  |TAMS 0x0000000088a00000, 0x0000000088a00000| Untracked 
|  93|0x0000000088b00000, 0x0000000088b00000, 0x0000000088c00000|  0%| F|  |TAMS 0x0000000088b00000, 0x0000000088b00000| Untracked 
|  94|0x0000000088c00000, 0x0000000088c00000, 0x0000000088d00000|  0%| F|  |TAMS 0x0000000088c00000, 0x0000000088c00000| Untracked 
|  95|0x0000000088d00000, 0x0000000088d00000, 0x0000000088e00000|  0%| F|  |TAMS 0x0000000088d00000, 0x0000000088d00000| Untracked 
|  96|0x0000000088e00000, 0x0000000088e00000, 0x0000000088f00000|  0%| F|  |TAMS 0x0000000088e00000, 0x0000000088e00000| Untracked 
|  97|0x0000000088f00000, 0x0000000088f00000, 0x0000000089000000|  0%| F|  |TAMS 0x0000000088f00000, 0x0000000088f00000| Untracked 
|  98|0x0000000089000000, 0x0000000089000000, 0x0000000089100000|  0%| F|  |TAMS 0x0000000089000000, 0x0000000089000000| Untracked 
|  99|0x0000000089100000, 0x0000000089100000, 0x0000000089200000|  0%| F|  |TAMS 0x0000000089100000, 0x0000000089100000| Untracked 
| 100|0x0000000089200000, 0x0000000089200000, 0x0000000089300000|  0%| F|  |TAMS 0x0000000089200000, 0x0000000089200000| Untracked 
| 101|0x0000000089300000, 0x0000000089300000, 0x0000000089400000|  0%| F|  |TAMS 0x0000000089300000, 0x0000000089300000| Untracked 
| 102|0x0000000089400000, 0x0000000089400000, 0x0000000089500000|  0%| F|  |TAMS 0x0000000089400000, 0x0000000089400000| Untracked 
| 103|0x0000000089500000, 0x0000000089500000, 0x0000000089600000|  0%| F|  |TAMS 0x0000000089500000, 0x0000000089500000| Untracked 
| 104|0x0000000089600000, 0x0000000089600000, 0x0000000089700000|  0%| F|  |TAMS 0x0000000089600000, 0x0000000089600000| Untracked 
| 105|0x0000000089700000, 0x0000000089700000, 0x0000000089800000|  0%| F|  |TAMS 0x0000000089700000, 0x0000000089700000| Untracked 
| 106|0x0000000089800000, 0x0000000089800000, 0x0000000089900000|  0%| F|  |TAMS 0x0000000089800000, 0x0000000089800000| Untracked 
| 107|0x0000000089900000, 0x0000000089900000, 0x0000000089a00000|  0%| F|  |TAMS 0x0000000089900000, 0x0000000089900000| Untracked 
| 108|0x0000000089a00000, 0x0000000089a00000, 0x0000000089b00000|  0%| F|  |TAMS 0x0000000089a00000, 0x0000000089a00000| Untracked 
| 109|0x0000000089b00000, 0x0000000089b00000, 0x0000000089c00000|  0%| F|  |TAMS 0x0000000089b00000, 0x0000000089b00000| Untracked 
| 110|0x0000000089c00000, 0x0000000089c00000, 0x0000000089d00000|  0%| F|  |TAMS 0x0000000089c00000, 0x0000000089c00000| Untracked 
| 111|0x0000000089d00000, 0x0000000089df2e70, 0x0000000089e00000| 94%| E|  |TAMS 0x0000000089d00000, 0x0000000089d00000| Complete 
| 112|0x0000000089e00000, 0x0000000089f00000, 0x0000000089f00000|100%| E|CS|TAMS 0x0000000089e00000, 0x0000000089e00000| Complete 
| 113|0x0000000089f00000, 0x000000008a000000, 0x000000008a000000|100%| E|CS|TAMS 0x0000000089f00000, 0x0000000089f00000| Complete 
| 114|0x000000008a000000, 0x000000008a100000, 0x000000008a100000|100%| E|CS|TAMS 0x000000008a000000, 0x000000008a000000| Complete 
| 115|0x000000008a100000, 0x000000008a200000, 0x000000008a200000|100%| E|CS|TAMS 0x000000008a100000, 0x000000008a100000| Complete 
| 116|0x000000008a200000, 0x000000008a300000, 0x000000008a300000|100%| E|  |TAMS 0x000000008a200000, 0x000000008a200000| Complete 
| 117|0x000000008a300000, 0x000000008a400000, 0x000000008a400000|100%| E|CS|TAMS 0x000000008a300000, 0x000000008a300000| Complete 
| 118|0x000000008a400000, 0x000000008a500000, 0x000000008a500000|100%| E|CS|TAMS 0x000000008a400000, 0x000000008a400000| Complete 
| 119|0x000000008a500000, 0x000000008a600000, 0x000000008a600000|100%| E|CS|TAMS 0x000000008a500000, 0x000000008a500000| Complete 
| 120|0x000000008a600000, 0x000000008a700000, 0x000000008a700000|100%| E|CS|TAMS 0x000000008a600000, 0x000000008a600000| Complete 
| 121|0x000000008a700000, 0x000000008a800000, 0x000000008a800000|100%| E|CS|TAMS 0x000000008a700000, 0x000000008a700000| Complete 
| 122|0x000000008a800000, 0x000000008a900000, 0x000000008a900000|100%| E|CS|TAMS 0x000000008a800000, 0x000000008a800000| Complete 
| 123|0x000000008a900000, 0x000000008aa00000, 0x000000008aa00000|100%| E|CS|TAMS 0x000000008a900000, 0x000000008a900000| Complete 
| 124|0x000000008aa00000, 0x000000008ab00000, 0x000000008ab00000|100%| E|CS|TAMS 0x000000008aa00000, 0x000000008aa00000| Complete 
| 125|0x000000008ab00000, 0x000000008ac00000, 0x000000008ac00000|100%| E|CS|TAMS 0x000000008ab00000, 0x000000008ab00000| Complete 

Card table byte_map: [0x000001df2c970000,0x000001df2cd60000] _byte_map_base: 0x000001df2c559000

Marking Bits (Prev, Next): (CMBitMap*) 0x000001df21571160, (CMBitMap*) 0x000001df215711a0
 Prev Bits: [0x000001df2d150000, 0x000001df2f098000)
 Next Bits: [0x000001df2f0a0000, 0x000001df30fe8000)

Polling page: 0x000001df1f4d0000

Metaspace:

Usage:
  Non-class:      4.50 MB used.
      Class:    593.05 KB used.
       Both:      5.08 MB used.

Virtual space:
  Non-class space:       64.00 MB reserved,       4.56 MB (  7%) committed,  1 nodes.
      Class space:        1.00 GB reserved,     704.00 KB ( <1%) committed,  1 nodes.
             Both:        1.06 GB reserved,       5.25 MB ( <1%) committed. 

Chunk freelists:
   Non-Class:  2.61 MB
       Class:  3.22 MB
        Both:  5.83 MB

MaxMetaspaceSize: unlimited
CompressedClassSpaceSize: 1.00 GB
Initial GC threshold: 21.00 MB
Current GC threshold: 21.00 MB
CDS: on
MetaspaceReclaimPolicy: balanced
 - commit_granule_bytes: 65536.
 - commit_granule_words: 8192.
 - virtual_space_node_default_size: 8388608.
 - enlarge_chunks_in_place: 1.
 - new_chunks_are_fully_committed: 0.
 - uncommit_free_chunks: 1.
 - use_allocation_guard: 0.


Internal statistics:

num_allocs_failed_limit: 0.
num_arena_births: 124.
num_arena_deaths: 0.
num_vsnodes_births: 2.
num_vsnodes_deaths: 0.
num_space_committed: 84.
num_space_uncommitted: 0.
num_chunks_returned_to_freelist: 0.
num_chunks_taken_from_freelist: 155.
num_chunk_merges: 0.
num_chunk_splits: 103.
num_chunks_enlarged: 61.
num_inconsistent_stats: 0.

CodeCache: size=49152Kb used=3706Kb max_used=3706Kb free=45445Kb
 bounds [0x000001df29470000, 0x000001df29810000, 0x000001df2c470000]
 total_blobs=1489 nmethods=1041 adapters=372
 compilation: enabled
              stopped_count=0, restarted_count=0
 full_count=0

Compilation events (20 events):
Event: 1.135 Thread 0x000001df37da4fb0 1031       1       java.net.URL::getPort (5 bytes)
Event: 1.135 Thread 0x000001df37da4fb0 nmethod 1031 0x000001df2980af10 code [0x000001df2980b0a0, 0x000001df2980b158]
Event: 1.136 Thread 0x000001df37da4fb0 1032       1       java.net.URL::getAuthority (5 bytes)
Event: 1.136 Thread 0x000001df33ac75f0 1033       1       java.net.URL::getPath (5 bytes)
Event: 1.136 Thread 0x000001df33a8a460 1034       1       java.net.URL::getQuery (5 bytes)
Event: 1.136 Thread 0x000001df37da4fb0 nmethod 1032 0x000001df2980b210 code [0x000001df2980b3a0, 0x000001df2980b458]
Event: 1.136 Thread 0x000001df33a8a460 nmethod 1034 0x000001df2980b510 code [0x000001df2980b6a0, 0x000001df2980b758]
Event: 1.136 Thread 0x000001df33ac75f0 nmethod 1033 0x000001df2980b810 code [0x000001df2980b9a0, 0x000001df2980ba58]
Event: 1.138 Thread 0x000001df33ac75f0 1035       1       java.lang.String::getChars (54 bytes)
Event: 1.138 Thread 0x000001df33a8a460 1036       1       java.lang.StringLatin1::getChars (12 bytes)
Event: 1.138 Thread 0x000001df33a8a460 nmethod 1036 0x000001df2980bb10 code [0x000001df2980bca0, 0x000001df2980bdd8]
Event: 1.139 Thread 0x000001df33ac75f0 nmethod 1035 0x000001df2980bf10 code [0x000001df2980c0e0, 0x000001df2980c338]
Event: 1.141 Thread 0x000001df33ac75f0 1037       1       java.security.ProtectionDomain::getCodeSource (5 bytes)
Event: 1.141 Thread 0x000001df33ac75f0 nmethod 1037 0x000001df2980c510 code [0x000001df2980c6a0, 0x000001df2980c758]
Event: 1.142 Thread 0x000001df33a8a460 1038   !   1       java.util.zip.Inflater::inflate (410 bytes)
Event: 1.144 Thread 0x000001df33ac75f0 1040       1       java.io.InputStream::<init> (5 bytes)
Event: 1.144 Thread 0x000001df33ac75f0 nmethod 1040 0x000001df2980cc90 code [0x000001df2980ce20, 0x000001df2980ced8]
Event: 1.145 Thread 0x000001df33a8a460 nmethod 1038 0x000001df2980cf90 code [0x000001df2980d1e0, 0x000001df2980da68]
Event: 1.152 Thread 0x000001df33ac75f0 1041       1       java.lang.ClassLoader::checkName (37 bytes)
Event: 1.153 Thread 0x000001df33ac75f0 nmethod 1041 0x000001df2980e290 code [0x000001df2980e460, 0x000001df2980e738]

GC Heap History (0 events):
No events

Dll operation events (12 events):
Event: 0.024 Loaded shared library C:\Program Files\Java\jdk-19\bin\java.dll
Event: 0.042 Loaded shared library C:\Program Files\Java\jdk-19\bin\jsvml.dll
Event: 0.193 Loaded shared library C:\Program Files\Java\jdk-19\bin\zip.dll
Event: 0.198 Loaded shared library C:\Program Files\Java\jdk-19\bin\instrument.dll
Event: 0.208 Loaded shared library C:\Program Files\Java\jdk-19\bin\net.dll
Event: 0.210 Loaded shared library C:\Program Files\Java\jdk-19\bin\nio.dll
Event: 0.214 Loaded shared library C:\Program Files\Java\jdk-19\bin\zip.dll
Event: 0.383 Loaded shared library C:\Program Files\JetBrains\IntelliJ IDEA 2024.1\bin\breakgen64.dll
Event: 0.399 Loaded shared library C:\Program Files\Java\jdk-19\bin\jimage.dll
Event: 0.407 Loaded shared library C:\Program Files\Java\jdk-19\bin\extnet.dll
Event: 0.441 Loaded shared library C:\Program Files\Java\jdk-19\bin\management.dll
Event: 0.480 Loaded shared library C:\Program Files\Java\jdk-19\bin\management_ext.dll

Deoptimization events (4 events):
Event: 0.721 Thread 0x000001df21513f10 DEOPT PACKING pc=0x000001df297a48d5 sp=0x00000088a5ffd190
Event: 0.722 Thread 0x000001df21513f10 DEOPT UNPACKING pc=0x000001df294d7543 sp=0x00000088a5ffc640 mode 3
Event: 0.746 Thread 0x000001df21513f10 DEOPT PACKING pc=0x000001df297bdcd0 sp=0x00000088a5ffd160
Event: 0.746 Thread 0x000001df21513f10 DEOPT UNPACKING pc=0x000001df294d7543 sp=0x00000088a5ffc618 mode 3

Classes loaded (20 events):
Event: 1.096 Loading class java/io/ClassCache$CacheRef
Event: 1.096 Loading class java/io/ClassCache$CacheRef done
Event: 1.096 Loading class java/io/ObjectStreamClass$FieldReflectorKey
Event: 1.096 Loading class java/io/ObjectStreamClass$FieldReflectorKey done
Event: 1.096 Loading class java/io/ObjectStreamClass$FieldReflector
Event: 1.096 Loading class java/io/ObjectStreamClass$FieldReflector done
Event: 1.101 Loading class java/io/ObjectStreamClass$ClassDataSlot
Event: 1.101 Loading class java/io/ObjectStreamClass$ClassDataSlot done
Event: 1.101 Loading class java/io/SerialCallbackContext
Event: 1.101 Loading class java/io/SerialCallbackContext done
Event: 1.105 Loading class sun/rmi/transport/ConnectionOutputStream
Event: 1.106 Loading class sun/rmi/server/MarshalOutputStream
Event: 1.106 Loading class sun/rmi/server/MarshalOutputStream done
Event: 1.106 Loading class sun/rmi/transport/ConnectionOutputStream done
Event: 1.107 Loading class jdk/internal/agent/ConnectorAddressLink
Event: 1.107 Loading class jdk/internal/agent/ConnectorAddressLink done
Event: 1.107 Loading class sun/management/counter/Units
Event: 1.108 Loading class sun/management/counter/Units done
Event: 1.109 Loading class jdk/internal/loader/URLClassPath$FileLoader$1
Event: 1.109 Loading class jdk/internal/loader/URLClassPath$FileLoader$1 done

Classes unloaded (0 events):
No events

Classes redefined (0 events):
No events

Internal exceptions (15 events):
Event: 0.363 Thread 0x000001df21513f10 Exception <a 'java/lang/NoSuchMethodError'{0x000000008a46a328}: 'void java.lang.invoke.DirectMethodHandle$Holder.invokeStatic(java.lang.Object, java.lang.Object, java.lang.Object)'> (0x000000008a46a328) 
thrown [s\open\src\hotspot\share\interpreter\linkResolver.cpp, line 774]
Event: 0.372 Thread 0x000001df21513f10 Exception <a 'java/lang/NoSuchMethodError'{0x000000008a482920}: 'java.lang.Object java.lang.invoke.Invokers$Holder.invokeExact_MT(java.lang.Object, java.lang.Object, java.lang.Object, java.lang.Object, java.lang.Object)'> (0x000000008a482920) 
thrown [s\open\src\hotspot\share\interpreter\linkResolver.cpp, line 774]
Event: 0.410 Thread 0x000001df380fdb20 Exception <a 'java/lang/NoSuchMethodError'{0x000000008a4c0478}: 'void java.lang.invoke.DirectMethodHandle$Holder.invokeStatic(java.lang.Object, java.lang.Object)'> (0x000000008a4c0478) 
thrown [s\open\src\hotspot\share\interpreter\linkResolver.cpp, line 774]
Event: 0.438 Thread 0x000001df21513f10 Exception <a 'java/lang/NoSuchMethodError'{0x000000008a4b5ef0}: 'java.lang.Object java.lang.invoke.DirectMethodHandle$Holder.invokeStaticInit(java.lang.Object)'> (0x000000008a4b5ef0) 
thrown [s\open\src\hotspot\share\interpreter\linkResolver.cpp, line 774]
Event: 0.485 Thread 0x000001df21513f10 Exception <a 'java/lang/NoSuchMethodError'{0x000000008a313208}: 'int java.lang.invoke.DirectMethodHandle$Holder.invokeInterface(java.lang.Object, java.lang.Object)'> (0x000000008a313208) 
thrown [s\open\src\hotspot\share\interpreter\linkResolver.cpp, line 774]
Event: 0.486 Thread 0x000001df21513f10 Exception <a 'java/lang/IncompatibleClassChangeError'{0x000000008a316808}: Found class java.lang.Object, but interface was expected> (0x000000008a316808) 
thrown [s\open\src\hotspot\share\interpreter\linkResolver.cpp, line 841]
Event: 0.594 Thread 0x000001df21513f10 Exception <a 'java/lang/NoSuchMethodError'{0x000000008a3e50a0}: 'int java.lang.invoke.DirectMethodHandle$Holder.invokeSpecial(java.lang.Object, java.lang.Object, java.lang.Object)'> (0x000000008a3e50a0) 
thrown [s\open\src\hotspot\share\interpreter\linkResolver.cpp, line 774]
Event: 0.660 Thread 0x000001df21513f10 Exception <a 'java/lang/NoSuchMethodError'{0x000000008a28f0d8}: 'java.lang.Object java.lang.invoke.DirectMethodHandle$Holder.invokeStaticInit(java.lang.Object, java.lang.Object, java.lang.Object)'> (0x000000008a28f0d8) 
thrown [s\open\src\hotspot\share\interpreter\linkResolver.cpp, line 774]
Event: 0.808 Thread 0x000001df21513f10 Exception <a 'java/lang/NoSuchMethodError'{0x0000000089ff76c0}: 'int java.lang.invoke.DirectMethodHandle$Holder.invokeSpecialIFC(java.lang.Object, java.lang.Object, java.lang.Object)'> (0x0000000089ff76c0) 
thrown [s\open\src\hotspot\share\interpreter\linkResolver.cpp, line 774]
Event: 0.873 Thread 0x000001df21513f10 Exception <a 'java/lang/NoSuchMethodError'{0x0000000089e6d7f0}: 'java.lang.Object java.lang.invoke.DirectMethodHandle$Holder.invokeStaticInit(java.lang.Object, int, int, int, int)'> (0x0000000089e6d7f0) 
thrown [s\open\src\hotspot\share\interpreter\linkResolver.cpp, line 774]
Event: 1.016 Thread 0x000001df21513f10 Exception <a 'java/lang/NoSuchMethodError'{0x0000000089eab1d0}: 'java.lang.Object java.lang.invoke.DirectMethodHandle$Holder.invokeStaticInit(java.lang.Object, java.lang.Object, int, int, int, int)'> (0x0000000089eab1d0) 
thrown [s\open\src\hotspot\share\interpreter\linkResolver.cpp, line 774]
Event: 1.056 Thread 0x000001df21513f10 Exception <a 'java/lang/ClassNotFoundException'{0x0000000089ecb790}: javax/management/remote/rmi/RMIServerImpl_Skel> (0x0000000089ecb790) 
thrown [s\open\src\hotspot\share\classfile\systemDictionary.cpp, line 255]
Event: 1.085 Thread 0x000001df21513f10 Exception <a 'java/lang/NoSuchMethodError'{0x0000000089ee5880}: 'long java.lang.invoke.DirectMethodHandle$Holder.invokeSpecial(java.lang.Object, java.lang.Object)'> (0x0000000089ee5880) 
thrown [s\open\src\hotspot\share\interpreter\linkResolver.cpp, line 774]
Event: 1.085 Thread 0x000001df21513f10 Exception <a 'java/lang/NoSuchMethodError'{0x0000000089ee91d8}: 'long java.lang.invoke.Invokers$Holder.invokeExact_MT(java.lang.Object, java.lang.Object)'> (0x0000000089ee91d8) 
thrown [s\open\src\hotspot\share\interpreter\linkResolver.cpp, line 774]
Event: 1.102 Thread 0x000001df21513f10 Exception <a 'java/lang/NoSuchMethodError'{0x0000000089d15fc0}: 'void java.lang.invoke.DirectMethodHandle$Holder.invokeSpecial(java.lang.Object, java.lang.Object, java.lang.Object)'> (0x0000000089d15fc0) 
thrown [s\open\src\hotspot\share\interpreter\linkResolver.cpp, line 774]

VM Operations (12 events):
Event: 0.172 Executing VM operation: HandshakeAllThreads
Event: 0.172 Executing VM operation: HandshakeAllThreads done
Event: 0.389 Executing VM operation: HandshakeAllThreads
Event: 0.394 Executing VM operation: HandshakeAllThreads done
Event: 0.843 Executing VM operation: HandshakeAllThreads
Event: 0.843 Executing VM operation: HandshakeAllThreads done
Event: 1.052 Executing VM operation: HandshakeAllThreads
Event: 1.052 Executing VM operation: HandshakeAllThreads done
Event: 1.052 Executing VM operation: Cleanup
Event: 1.053 Executing VM operation: Cleanup done
Event: 1.110 Executing VM operation: HandshakeAllThreads
Event: 1.110 Executing VM operation: HandshakeAllThreads done

Events (15 events):
Event: 0.043 Thread 0x000001df21513f10 Thread added: 0x000001df21513f10
Event: 0.064 Thread 0x000001df33ab8f60 Thread added: 0x000001df33ab8f60
Event: 0.064 Thread 0x000001df33ab9cf0 Thread added: 0x000001df33ab9cf0
Event: 0.065 Thread 0x000001df33abea70 Thread added: 0x000001df33abea70
Event: 0.065 Thread 0x000001df33abf3a0 Thread added: 0x000001df33abf3a0
Event: 0.065 Thread 0x000001df33abfe70 Thread added: 0x000001df33abfe70
Event: 0.065 Thread 0x000001df33ac37c0 Thread added: 0x000001df33ac37c0
Event: 0.065 Thread 0x000001df33ac75f0 Thread added: 0x000001df33ac75f0
Event: 0.065 Thread 0x000001df33ac9f70 Thread added: 0x000001df33ac9f70
Event: 0.159 Thread 0x000001df33a89b90 Thread added: 0x000001df33a89b90
Event: 0.173 Thread 0x000001df33a8a460 Thread added: 0x000001df33a8a460
Event: 0.174 Thread 0x000001df37da4fb0 Thread added: 0x000001df37da4fb0
Event: 0.384 Thread 0x000001df380fdb20 Thread added: 0x000001df380fdb20
Event: 0.385 Thread 0x000001df380fe060 Thread added: 0x000001df380fe060
Event: 1.076 Thread 0x000001df382e90d0 Thread added: 0x000001df382e90d0


Dynamic libraries:
0x00007ff7ea3d0000 - 0x00007ff7ea3e0000 	C:\Program Files\Java\jdk-19\bin\java.exe
0x00007ffa16440000 - 0x00007ffa16649000 	C:\WINDOWS\SYSTEM32\ntdll.dll
0x00007ffa15490000 - 0x00007ffa1554d000 	C:\WINDOWS\System32\KERNEL32.DLL
0x00007ffa13d60000 - 0x00007ffa140e4000 	C:\WINDOWS\System32\KERNELBASE.dll
0x00007ffa14170000 - 0x00007ffa14281000 	C:\WINDOWS\System32\ucrtbase.dll
0x00007ffa0c330000 - 0x00007ffa0c34b000 	C:\Program Files\Java\jdk-19\bin\VCRUNTIME140.dll
0x00007ffa0c3e0000 - 0x00007ffa0c3f8000 	C:\Program Files\Java\jdk-19\bin\jli.dll
0x00007ffa15e70000 - 0x00007ffa15f1e000 	C:\WINDOWS\System32\ADVAPI32.dll
0x00007ffa16270000 - 0x00007ffa16313000 	C:\WINDOWS\System32\msvcrt.dll
0x00007ffa15fc0000 - 0x00007ffa1605e000 	C:\WINDOWS\System32\sechost.dll
0x00007ffa15550000 - 0x00007ffa15671000 	C:\WINDOWS\System32\RPCRT4.dll
0x00007ffa152e0000 - 0x00007ffa1548d000 	C:\WINDOWS\System32\USER32.dll
0x00007ff9f3430000 - 0x00007ff9f36d5000 	C:\WINDOWS\WinSxS\amd64_microsoft.windows.common-controls_6595b64144ccf1df_6.0.22000.120_none_9d947278b86cc467\COMCTL32.dll
0x00007ffa13d30000 - 0x00007ffa13d56000 	C:\WINDOWS\System32\win32u.dll
0x00007ffa14620000 - 0x00007ffa1464a000 	C:\WINDOWS\System32\GDI32.dll
0x00007ffa138d0000 - 0x00007ffa139ee000 	C:\WINDOWS\System32\gdi32full.dll
0x00007ffa13c90000 - 0x00007ffa13d2d000 	C:\WINDOWS\System32\msvcp_win.dll
0x00007ffa09f00000 - 0x00007ffa09f0a000 	C:\WINDOWS\SYSTEM32\VERSION.dll
0x00007ffa14e80000 - 0x00007ffa14eb1000 	C:\WINDOWS\System32\IMM32.DLL
0x00007ffa0f260000 - 0x00007ffa0f26c000 	C:\Program Files\Java\jdk-19\bin\vcruntime140_1.dll
0x00007ffa01ff0000 - 0x00007ffa0207e000 	C:\Program Files\Java\jdk-19\bin\msvcp140.dll
0x00007ff98fd90000 - 0x00007ff990a50000 	C:\Program Files\Java\jdk-19\bin\server\jvm.dll
0x00007ff9ff3a0000 - 0x00007ff9ff3a9000 	C:\WINDOWS\SYSTEM32\WSOCK32.dll
0x00007ffa0c1b0000 - 0x00007ffa0c1e3000 	C:\WINDOWS\SYSTEM32\WINMM.dll
0x00007ffa14290000 - 0x00007ffa142ff000 	C:\WINDOWS\System32\WS2_32.dll
0x00007ffa12a30000 - 0x00007ffa12a48000 	C:\WINDOWS\SYSTEM32\kernel.appcore.dll
0x00007ffa0c320000 - 0x00007ffa0c32a000 	C:\Program Files\Java\jdk-19\bin\jimage.dll
0x00007ffa11310000 - 0x00007ffa11531000 	C:\WINDOWS\SYSTEM32\DBGHELP.DLL
0x00007ffa00c00000 - 0x00007ffa00c31000 	C:\WINDOWS\SYSTEM32\dbgcore.DLL
0x00007ffa140f0000 - 0x00007ffa1416f000 	C:\WINDOWS\System32\bcryptPrimitives.dll
0x00007ffa01cc0000 - 0x00007ffa01cce000 	C:\Program Files\Java\jdk-19\bin\instrument.dll
0x00007ff9ffaa0000 - 0x00007ff9ffac6000 	C:\Program Files\Java\jdk-19\bin\java.dll
0x00007ff9c6370000 - 0x00007ff9c6447000 	C:\Program Files\Java\jdk-19\bin\jsvml.dll
0x00007ffa146b0000 - 0x00007ffa14e75000 	C:\WINDOWS\System32\SHELL32.dll
0x00007ffa119b0000 - 0x00007ffa12212000 	C:\WINDOWS\SYSTEM32\windows.storage.dll
0x00007ffa14f30000 - 0x00007ffa152a6000 	C:\WINDOWS\System32\combase.dll
0x00007ffa11840000 - 0x00007ffa119a7000 	C:\WINDOWS\SYSTEM32\wintypes.dll
0x00007ffa16060000 - 0x00007ffa1614a000 	C:\WINDOWS\System32\SHCORE.dll
0x00007ffa14310000 - 0x00007ffa1436d000 	C:\WINDOWS\System32\shlwapi.dll
0x00007ffa13800000 - 0x00007ffa13825000 	C:\WINDOWS\SYSTEM32\profapi.dll
0x00007ffa01d00000 - 0x00007ffa01d18000 	C:\Program Files\Java\jdk-19\bin\zip.dll
0x00007ffa0c300000 - 0x00007ffa0c313000 	C:\Program Files\Java\jdk-19\bin\net.dll
0x00007ffa0b530000 - 0x00007ffa0b644000 	C:\WINDOWS\SYSTEM32\WINHTTP.dll
0x00007ffa12ee0000 - 0x00007ffa12f47000 	C:\WINDOWS\system32\mswsock.dll
0x00007ffa01de0000 - 0x00007ffa01df6000 	C:\Program Files\Java\jdk-19\bin\nio.dll
0x00007ff9ff9a0000 - 0x00007ff9ff9ba000 	C:\Program Files\JetBrains\IntelliJ IDEA 2024.1\bin\breakgen64.dll
0x00007ffa004e0000 - 0x00007ffa004e8000 	C:\Program Files\Java\jdk-19\bin\extnet.dll
0x00007ffa12580000 - 0x00007ffa12667000 	C:\WINDOWS\SYSTEM32\DNSAPI.dll
0x00007ffa12550000 - 0x00007ffa1257d000 	C:\WINDOWS\SYSTEM32\IPHLPAPI.DLL
0x00007ffa15e60000 - 0x00007ffa15e69000 	C:\WINDOWS\System32\NSI.dll
0x00007ffa03a00000 - 0x00007ffa03a0a000 	C:\Windows\System32\rasadhlp.dll
0x00007ffa09de0000 - 0x00007ffa09e61000 	C:\WINDOWS\System32\fwpuclnt.dll
0x00007ffa01cb0000 - 0x00007ffa01cba000 	C:\Program Files\Java\jdk-19\bin\management.dll
0x00007ffa01a70000 - 0x00007ffa01a7b000 	C:\Program Files\Java\jdk-19\bin\management_ext.dll
0x00007ffa152b0000 - 0x00007ffa152b8000 	C:\WINDOWS\System32\PSAPI.DLL
0x00007ffa13120000 - 0x00007ffa13138000 	C:\WINDOWS\SYSTEM32\CRYPTSP.dll
0x00007ffa12990000 - 0x00007ffa129c5000 	C:\WINDOWS\system32\rsaenh.dll
0x00007ffa12fd0000 - 0x00007ffa12ffc000 	C:\WINDOWS\SYSTEM32\USERENV.dll
0x00007ffa132a0000 - 0x00007ffa132c7000 	C:\WINDOWS\SYSTEM32\bcrypt.dll
0x00007ffa13140000 - 0x00007ffa1314c000 	C:\WINDOWS\SYSTEM32\CRYPTBASE.dll
0x00007ffa0b470000 - 0x00007ffa0b489000 	C:\WINDOWS\SYSTEM32\dhcpcsvc6.DLL
0x00007ffa0c1f0000 - 0x00007ffa0c20e000 	C:\WINDOWS\SYSTEM32\dhcpcsvc.DLL
0x00007ff98cb50000 - 0x00007ff98cb67000 	C:\WINDOWS\system32\napinsp.dll
0x00007ff98cb30000 - 0x00007ff98cb4b000 	C:\WINDOWS\system32\pnrpnsp.dll
0x00007ff98cb10000 - 0x00007ff98cb22000 	C:\WINDOWS\System32\winrnr.dll
0x00007ffa0b1d0000 - 0x00007ffa0b1e5000 	C:\WINDOWS\system32\wshbth.dll
0x00007ff9efb30000 - 0x00007ff9efb4f000 	C:\WINDOWS\system32\nlansp_c.dll

dbghelp: loaded successfully - version: 4.0.5 - missing functions: none
symbol engine: initialized successfully - sym options: 0x614 - pdb path: .;C:\Program Files\Java\jdk-19\bin;C:\WINDOWS\SYSTEM32;C:\WINDOWS\WinSxS\amd64_microsoft.windows.common-controls_6595b64144ccf1df_6.0.22000.120_none_9d947278b86cc467;C:\Program Files\Java\jdk-19\bin\server;C:\Program Files\JetBrains\IntelliJ IDEA 2024.1\bin

VM Arguments:
jvm_args: -XX:TieredStopAtLevel=1 -Dspring.output.ansi.enabled=always -Dcom.sun.management.jmxremote -Dspring.jmx.enabled=true -Dspring.liveBeansView.mbeanDomain -Dspring.application.admin.enabled=true -Dmanagement.endpoints.jmx.exposure.include=* -javaagent:C:\Program Files\JetBrains\IntelliJ IDEA 2024.1\lib\idea_rt.jar=58255:C:\Program Files\JetBrains\IntelliJ IDEA 2024.1\bin -Dfile.encoding=UTF-8 -Dsun.stdout.encoding=UTF-8 -Dsun.stderr.encoding=UTF-8 
java_command: com.example.lifetaskservice.LifetaskServiceApplication
java_class_path (initial): H:\wow\hehe\Learning\Backend\Projects\C1\calendarize-microservices\lifetask-service\target\classes;C:\Users\HOME\.m2\repository\org\springframework\boot\spring-boot-starter-data-jdbc\3.3.2\spring-boot-starter-data-jdbc-3.3.2.jar;C:\Users\HOME\.m2\repository\org\springframework\boot\spring-boot-starter-jdbc\3.3.2\spring-boot-starter-jdbc-3.3.2.jar;C:\Users\HOME\.m2\repository\com\zaxxer\HikariCP\5.1.0\HikariCP-5.1.0.jar;C:\Users\HOME\.m2\repository\org\springframework\spring-jdbc\6.1.11\spring-jdbc-6.1.11.jar;C:\Users\HOME\.m2\repository\org\springframework\data\spring-data-jdbc\3.3.2\spring-data-jdbc-3.3.2.jar;C:\Users\HOME\.m2\repository\org\springframework\data\spring-data-relational\3.3.2\spring-data-relational-3.3.2.jar;C:\Users\HOME\.m2\repository\org\springframework\data\spring-data-commons\3.3.2\spring-data-commons-3.3.2.jar;C:\Users\HOME\.m2\repository\org\springframework\spring-tx\6.1.11\spring-tx-6.1.11.jar;C:\Users\HOME\.m2\repository\org\springframework\spring-context\6.1.11\spring-context-6.1.11.jar;C:\Users\HOME\.m2\repository\org\springframework\spring-beans\6.1.11\spring-beans-6.1.11.jar;C:\Users\HOME\.m2\repository\org\slf4j\slf4j-api\2.0.13\slf4j-api-2.0.13.jar;C:\Users\HOME\.m2\repository\org\springframework\boot\spring-boot-starter-data-jpa\3.3.2\spring-boot-starter-data-jpa-3.3.2.jar;C:\Users\HOME\.m2\repository\org\springframework\boot\spring-boot-starter-aop\3.3.2\spring-boot-starter-aop-3.3.2.jar;C:\Users\HOME\.m2\repository\org\springframework\spring-aop\6.1.11\spring-aop-6.1.11.jar;C:\Users\HOME\.m2\repository\org\aspectj\aspectjweaver\1.9.22.1\aspectjweaver-1.9.22.1.jar;C:\Users\HOME\.m2\repository\org\hibernate\orm\hibernate-core\6.5.2.Final\hibernate-core-6.5.2.Final.jar;C:\Users\HOME\.m2\repository\jakarta\persistence\jakarta.persistence-api\3.1.0\jakarta.persistence-api-3.1.0.jar;C:\Users\HOME\.m2\repository\jakarta\transaction\jakarta.transaction-api\2.0.1\jakarta.transaction-api-2.0.1.jar;C:\Users\HOME\.m2\repository\org\jboss\logging\jboss-logging\3.5.3.Final\jboss-logging-3.5.3.Final.jar;C:\Users\HOME\.m2\repository\org\hibernate\common\hibernate-commons-annotations\6.0.6.Final\hibernate-commons-annotations-6.0.6.Final.jar;C:\Users\HOME\.m2\repository\io\smallrye\jandex\3.1.2\jandex-3.1.2.jar;C:\Users\HOME\.m2\repository\com\fasterxml\classmate\1.7.0\classmate-1.7.0.jar;C:\Users\HOME\.m2\repository\net\bytebuddy\byte-buddy\1.14.18\byte-buddy-1.14.18.jar;C:\Users\HOME\.m2\repository\org\glassfish\jaxb\jaxb-runtime\4.0.5\jaxb-runtime-4.0.5.jar;C:\Users\HOME\.m2\repository\org\glassfish\jaxb\jaxb-core\4.0.5\jaxb-core-4.0.5.jar;C:\Users\HOME\.m2\repository\org\eclipse\angus\angus-activation\2.0.2\angus-activation-2.0.2.jar;C:\Users\HOME\.m2\repository\org\glassfish\jaxb\txw2\4.0.5\txw2-4.0.5.jar;C:\Users\HOME\.m2\repository\com\sun\istack\istack-commons-runtime\4.1.2\istack-commons-runtime-4.1.2.jar;C:\Users\HOME\.m2\repository\jakarta\inject\jakarta.inject-api\2.0.1\jakarta.inject-api-2.0.1.jar;C:\Users\HOME\.m2\repository\org\antlr\antlr4-runtime\4.13.0\antlr4-runtime-4.13.0.jar;C:\Users\HOME\.m2\repository\org\springframework\data\spring-data-jpa\3.3.2\spring-data-jpa-3.3.2.jar;C:\Users\HOME\.m2\repository\org\springframework\spring-orm\6.1.11\spring-orm-6.1.11.jar;C:\Users\HOME\.m2\repository\jakarta\annotation\jakarta.annotation-api\2.1.1\jakarta.annotation-api-2.1.1.jar;C:\Users\HOME\.m2\repository\org\springframework\spring-aspects\6.1.11\spring-aspects-6.1.11.jar;C:\Users\HOME\.m2\repository\org\springframework\boot\spring-boot-starter-web\3.3.2\spring-boot-starter-web-3.3.2.jar;C:\Users\HOME\.m2\repository\org\springframework\boot\spring-boot-starter\3.3.2\spring-boot-starter-3.3.2.jar;C:\Users\HOME\.m2\repository\org\springframework\boot\spring-boot-starter-logging\3.3.2\spring-boot-starter-logging-3.3.2.jar;C:\Users\HOME\.m2\repository\ch\qos\logback\logback-classic\1.5.6\logback-classic-1.5.6.jar;C:\Users\HOME\.m2\repository\ch\qos\logback\logback-core\1.5.6\logback-core-1.5.6.jar;C:\Users\HOME\.m2\repository\org\apache\logging\log4j\log4j-to-slf4j\2.23.1\log4j-to-slf4j-2.23.1.jar;C:\Users\HOME\.m2\repository\org\apache\logging\log4j\log4j-api\2.23.1\log4j-api-2.23.1.jar;C:\Users\HOME\.m2\repository\org\slf4j\jul-to-slf4j\2.0.13\jul-to-slf4j-2.0.13.jar;C:\Users\HOME\.m2\repository\org\yaml\snakeyaml\2.2\snakeyaml-2.2.jar;C:\Users\HOME\.m2\repository\org\springframework\boot\spring-boot-starter-json\3.3.2\spring-boot-starter-json-3.3.2.jar;C:\Users\HOME\.m2\repository\com\fasterxml\jackson\core\jackson-databind\2.17.2\jackson-databind-2.17.2.jar;C:\Users\HOME\.m2\repository\com\fasterxml\jackson\core\jackson-annotations\2.17.2\jackson-annotations-2.17.2.jar;C:\Users\HOME\.m2\repository\com\fasterxml\jackson\core\jackson-core\2.17.2\jackson-core-2.17.2.jar;C:\Users\HOME\.m2\repository\com\fasterxml\jackson\datatype\jackson-datatype-jdk8\2.17.2\jackson-datatype-jdk8-2.17.2.jar;C:\Users\HOME\.m2\repository\com\fasterxml\jackson\datatype\jackson-datatype-jsr310\2.17.2\jackson-datatype-jsr310-2.17.2.jar;C:\Users\HOME\.m2\repository\com\fasterxml\jackson\module\jackson-module-parameter-names\2.17.2\jackson-module-parameter-names-2.17.2.jar;C:\Users\HOME\.m2\repository\org\springframework\boot\spring-boot-starter-tomcat\3.3.2\spring-boot-starter-tomcat-3.3.2.jar;C:\Users\HOME\.m2\repository\org\apache\tomcat\embed\tomcat-embed-core\10.1.26\tomcat-embed-core-10.1.26.jar;C:\Users\HOME\.m2\repository\org\apache\tomcat\embed\tomcat-embed-el\10.1.26\tomcat-embed-el-10.1.26.jar;C:\Users\HOME\.m2\repository\org\apache\tomcat\embed\tomcat-embed-websocket\10.1.26\tomcat-embed-websocket-10.1.26.jar;C:\Users\HOME\.m2\repository\org\springframework\spring-web\6.1.11\spring-web-6.1.11.jar;C:\Users\HOME\.m2\repository\io\micrometer\micrometer-observation\1.13.2\micrometer-observation-1.13.2.jar;C:\Users\HOME\.m2\repository\io\micrometer\micrometer-commons\1.13.2\micrometer-commons-1.13.2.jar;C:\Users\HOME\.m2\repository\org\springframework\spring-webmvc\6.1.11\spring-webmvc-6.1.11.jar;C:\Users\HOME\.m2\repository\org\springframework\spring-expression\6.1.11\spring-expression-6.1.11.jar;C:\Users\HOME\.m2\repository\org\springframework\boot\spring-boot-devtools\3.3.2\spring-boot-devtools-3.3.2.jar;C:\Users\HOME\.m2\repository\org\springframework\boot\spring-boot\3.3.2\spring-boot-3.3.2.jar;C:\Users\HOME\.m2\repository\org\springframework\boot\spring-boot-autoconfigure\3.3.2\spring-boot-autoconfigure-3.3.2.jar;C:\Users\HOME\.m2\repository\com\microsoft\sqlserver\mssql-jdbc\12.6.3.jre11\mssql-jdbc-12.6.3.jre11.jar;C:\Users\HOME\.m2\repository\org\projectlombok\lombok\1.18.34\lombok-1.18.34.jar;C:\Users\HOME\.m2\repository\jakarta\xml\bind\jakarta.xml.bind-api\4.0.2\jakarta.xml.bind-api-4.0.2.jar;C:\Users\HOME\.m2\repository\jakarta\activation\jakarta.activation-api\2.1.3\jakarta.activation-api-2.1.3.jar;C:\Users\HOME\.m2\repository\org\springframework\spring-core\6.1.11\spring-core-6.1.11.jar;C:\Users\HOME\.m2\repository\org\springframework\spring-jcl\6.1.11\spring-jcl-6.1.11.jar
Launcher Type: SUN_STANDARD

[Global flags]
     intx CICompilerCount                          = 4                                         {product} {ergonomic}
     uint ConcGCThreads                            = 2                                         {product} {ergonomic}
     uint G1ConcRefinementThreads                  = 8                                         {product} {ergonomic}
   size_t G1HeapRegionSize                         = 1048576                                   {product} {ergonomic}
    uintx GCDrainStackTargetSize                   = 64                                        {product} {ergonomic}
   size_t InitialHeapSize                          = 132120576                                 {product} {ergonomic}
     bool ManagementServer                         = true                                      {product} {command line}
   size_t MarkStackSize                            = 4194304                                   {product} {ergonomic}
   size_t MaxHeapSize                              = 2099249152                                {product} {ergonomic}
   size_t MaxNewSize                               = 1259339776                                {product} {ergonomic}
   size_t MinHeapDeltaBytes                        = 1048576                                   {product} {ergonomic}
   size_t MinHeapSize                              = 8388608                                   {product} {ergonomic}
    uintx NonProfiledCodeHeapSize                  = 0                                      {pd product} {ergonomic}
     bool ProfileInterpreter                       = false                                  {pd product} {command line}
    uintx ProfiledCodeHeapSize                     = 0                                      {pd product} {ergonomic}
   size_t SoftMaxHeapSize                          = 2099249152                             {manageable} {ergonomic}
     intx TieredStopAtLevel                        = 1                                         {product} {command line}
     bool UseCompressedClassPointers               = true                           {product lp64_product} {ergonomic}
     bool UseCompressedOops                        = true                           {product lp64_product} {ergonomic}
     bool UseG1GC                                  = true                                      {product} {ergonomic}
     bool UseLargePagesIndividualAllocation        = false                                  {pd product} {ergonomic}

Logging:
Log output configuration:
 #0: stdout all=warning uptime,level,tags foldmultilines=false
 #1: stderr all=off uptime,level,tags foldmultilines=false

Environment Variables:
JAVA_HOME=C:\Program Files\Java\jdk-19
PATH=C:\Program Files (x86)\winlibs-x86_64-mcf-seh-gcc-13.2.0-mingw-w64ucrt-11.0.1-r2\mingw64\bin;C:\Program Files\Common Files\Oracle\Java\javapath;C:\WINDOWS\system32;C:\WINDOWS;C:\WINDOWS\System32\Wbem;C:\WINDOWS\System32\WindowsPowerShell\v1.0\;C:\WINDOWS\System32\OpenSSH\;C:\FPC\3.2.0\bin\i386-Win32;C:\Program Files\dotnet\;%MAVEN_HOME%\bin;C:\Program Files\Java\jdk-19\bin;H:\runtime\win64;H:\bin;H:\polyspace\bin;C:\Program Files\MySQL\MySQL Server 8.0\bin;C:\Program Files\Git\cmd;C:\Program Files\Docker\Docker\resources\bin;C:\Program Files (x86)\Windows Kits\10\Windows Performance Toolkit\;C:\Program Files (x86)\Microsoft SQL Server\110\Tools\Binn\;C:\Program Files\Microsoft SQL Server\110\Tools\Binn\;C:\Program Files\Microsoft SQL Server\110\DTS\Binn\;C:\Program Files (x86)\Microsoft SQL Server\110\Tools\Binn\ManagementStudio\;C:\Program Files (x86)\Microsoft SQL Server\110\DTS\Binn\;H:\apache-maven-3.9.6-bin\apache-maven-3.9.6\bin;H:\py;H:\wow\winlibs-x86_64-mcf-seh-gcc-13.2.0-mingw-w64ucrt-11.0.1-r2\mingw64\bin;H:\py\get-pip.py;H:\py\Scripts;;H:\docker\resources\bin;H:\;C:\Program Files (x86)\winlibs-x86_64-mcf-seh-gcc-13.2.0-mingw-w64ucrt-11.0.1-r2\mingw64\bin;C:\Program Files\Common Files\Oracle\Java\javapath;C:\WINDOWS\system32;C:\WINDOWS;C:\WINDOWS\System32\Wbem;C:\WINDOWS\System32\WindowsPowerShell\v1.0\;C:\WINDOWS\System32\OpenSSH\;C:\FPC\3.2.0\bin\i386-Win32;C:\Program Files\dotnet\;%MAVEN_HOME%\bin;C:\Program Files\Java\jdk-19\bin;H:\runtime\win64;H:\bin;H:\polyspace\bin;C:\Program Files\MySQL\MySQL Server 8.0\bin;C:\Program Files\Git\cmd;C:\Program Files\Docker\Docker\resources\bin;C:\Program Files (x86)\Windows Kits\10\Windows Performance Toolkit\;C:\Program Files (x86)\Microsoft SQL Server\110\Tools\Binn\;C:\Program Files\Microsoft SQL Server\110\Tools\Binn\;C:\Program Files\Microsoft SQL Server\110\DTS\Binn\;C:\Program Files (x86)\Microsoft SQL Server\110\Tools\Binn\ManagementStudio\;C:\Program Files (x86)\Microsoft SQL Server\110\DTS\Binn\;H:\apache-maven-3.9.6-bin\apache-maven-3.9.6\bin;H:\py;H:\wow\winlibs-x86_64-mcf-seh-gcc-13.2.0-mingw-w64ucrt-11.0.1-r2\mingw64\bin;H:\py\get-pip.py;H:\py\Scripts;;H:\docker\resources\bin;H:\;H:\apache-maven-3.9.6-bin\apache-maven-3.9.6\bin;C:\Users\HOME\AppData\Local\Programs\Microsoft VS Code\bin;C:\Program Files\JetBrains\IntelliJ IDEA 2024.1\bin;;C:\Users\HOME\AppData\Roaming\npm
USERNAME=HOME
OS=Windows_NT
PROCESSOR_IDENTIFIER=Intel64 Family 6 Model 142 Stepping 12, GenuineIntel
TMP=C:\Users\HOME\AppData\Local\Temp
TEMP=C:\Users\HOME\AppData\Local\Temp



---------------  S Y S T E M  ---------------

OS:
 Windows 11 , 64 bit Build 22000 (10.0.22000.2538)
OS uptime: 0 days 20:14 hours

CPU: total 8 (initial active 8) (4 cores per cpu, 2 threads per core) family 6 model 142 stepping 12 microcode 0xf8, cx8, cmov, fxsr, ht, mmx, 3dnowpref, sse, sse2, sse3, ssse3, sse4.1, sse4.2, popcnt, lzcnt, tsc, tscinvbit, avx, avx2, aes, erms, clmul, bmi1, bmi2, adx, fma, vzeroupper, clflush, clflushopt, rdtscp

Memory: 4k page, system-wide physical 8006M (517M free)
TotalPageFile size 14705M (AvailPageFile size 0M)
current process WorkingSet (physical memory assigned to process): 56M, peak: 56M
current process commit charge ("private bytes"): 215M, peak: 215M

vm_info: Java HotSpot(TM) 64-Bit Server VM (19.0.1+10-21) for windows-amd64 JRE (19.0.1+10-21), built on 2022-09-14T12:45:06Z by "mach5one" with MS VC++ 17.1 (VS2022)

END.
